<?xml version="1.0" encoding="UTF-8"?>
<!-- Generated by org.testng.reporters.JUnitReportReporter -->
<testsuite hostname="DESKTOP-CLA27S5" failures="0" tests="4" name="javaPackage.DataProviderExcel_3" time="0.010" errors="0" timestamp="2024-08-09T23:01:37 IST" skipped="0">
  <testcase classname="javaPackage.DataProviderExcel_3" name="readExcelData" time="0.001"/>
  <testcase classname="javaPackage.DataProviderExcel_3" name="readExcelData" time="0.001"/>
  <testcase classname="javaPackage.DataProviderExcel_3" name="readExcelData" time="0.007"/>
  <testcase classname="javaPackage.DataProviderExcel_3" name="readExcelData" time="0.001"/>
</testsuite> <!-- javaPackage.DataProviderExcel_3 -->
